<?xml version="1.0" encoding="UTF-8"?>
<testng-results ignored="0" total="2" passed="2" failed="0" skipped="0">
  <reporter-output>
  </reporter-output>
  <suite started-at="2019-05-28T01:08:30Z" name="Default suite" finished-at="2019-05-28T01:08:38Z" duration-ms="7538">
    <groups>
    </groups>
    <test started-at="2019-05-28T01:08:30Z" name="Default test" finished-at="2019-05-28T01:08:38Z" duration-ms="7538">
      <class name="tests.homeSearch">
        <test-method is-config="true" signature="setUp()[pri:0, instance:tests.homeSearch@7fe8ea47]" started-at="2019-05-28T01:08:30Z" name="setUp" finished-at="2019-05-28T01:08:33Z" duration-ms="2141" status="PASS">
          <reporter-output>
          </reporter-output>
        </test-method> <!-- setUp -->
        <test-method signature="autoSuggestclick()[pri:0, instance:tests.homeSearch@7fe8ea47]" started-at="2019-05-28T01:08:33Z" name="autoSuggestclick" finished-at="2019-05-28T01:08:38Z" duration-ms="5214" status="PASS">
          <reporter-output>
          </reporter-output>
        </test-method> <!-- autoSuggestclick -->
        <test-method signature="validateOpenLink()[pri:1, instance:tests.homeSearch@7fe8ea47]" started-at="2019-05-28T01:08:38Z" name="validateOpenLink" finished-at="2019-05-28T01:08:38Z" duration-ms="25" status="PASS">
          <reporter-output>
          </reporter-output>
        </test-method> <!-- validateOpenLink -->
        <test-method is-config="true" signature="tearDown()[pri:0, instance:tests.homeSearch@7fe8ea47]" started-at="2019-05-28T01:08:38Z" name="tearDown" finished-at="2019-05-28T01:08:38Z" duration-ms="137" status="PASS">
          <reporter-output>
          </reporter-output>
        </test-method> <!-- tearDown -->
      </class> <!-- tests.homeSearch -->
    </test> <!-- Default test -->
  </suite> <!-- Default suite -->
</testng-results>
